Using pre-set license
Built from '2021.1/staging' branch; Version is '2021.1.19f1 (5f5eb8bbdc25) revision 6250168'; Using compiler version '192528614'; Build Type 'Release'
OS: 'Windows 10 Home; OS build 19042.1165; Version 2009; 64bit' Language: 'en' Physical Memory: 6080 MB
BatchMode: 1, IsHumanControllingUs: 0, StartBugReporterOnCrash: 0, Is64bit: 1, IsPro: 0

COMMAND LINE ARGUMENTS:
C:\Program Files\Unity\Hub\Editor\2021.1.19f1\Editor\Unity.exe
-adb2
-batchMode
-noUpm
-name
AssetImportWorker0
-projectPath
C:/Users/Abdul/Documents/1 GBC/Yr 3 Sem 1/Mobile Game Dev/Lab3
-logFile
Logs/AssetImportWorker0.log
-srvPort
59522
Successfully changed project path to: C:/Users/Abdul/Documents/1 GBC/Yr 3 Sem 1/Mobile Game Dev/Lab3
C:/Users/Abdul/Documents/1 GBC/Yr 3 Sem 1/Mobile Game Dev/Lab3
Using Asset Import Pipeline V2.
Refreshing native plugins compatible for Editor in 155.24 ms, found 4 plugins.
Preloading 0 native plugins for Editor in 0.00 ms.
Initialize engine version: 2021.1.19f1 (5f5eb8bbdc25)
[Subsystems] Discovering subsystems at path C:/Program Files/Unity/Hub/Editor/2021.1.19f1/Editor/Data/Resources/UnitySubsystems
[Subsystems] Discovering subsystems at path C:/Users/Abdul/Documents/1 GBC/Yr 3 Sem 1/Mobile Game Dev/Lab3/Assets
GfxDevice: creating device client; threaded=0; jobified=0
Direct3D:
    Version:  Direct3D 11.0 [level 11.1]
    Renderer: AMD Radeon(TM) Vega 8 Graphics (ID=0x15d8)
    Vendor:   ATI
    VRAM:     3040 MB
    Driver:   27.20.1016.1
Initialize mono
Mono path[0] = 'C:/Program Files/Unity/Hub/Editor/2021.1.19f1/Editor/Data/Managed'
Mono path[1] = 'C:/Program Files/Unity/Hub/Editor/2021.1.19f1/Editor/Data/MonoBleedingEdge/lib/mono/unityjit'
Mono config path = 'C:/Program Files/Unity/Hub/Editor/2021.1.19f1/Editor/Data/MonoBleedingEdge/etc'
Using monoOptions --debugger-agent=transport=dt_socket,embedding=1,server=y,suspend=n,address=127.0.0.1:56172
Begin MonoManager ReloadAssembly
Registering precompiled unity dll's ...
Register platform support module: C:/Program Files/Unity/Hub/Editor/2021.1.19f1/Editor/Data/PlaybackEngines/WindowsStandaloneSupport/UnityEditor.WindowsStandalone.Extensions.dll
Registered in 0.004270 seconds.
Native extension for WindowsStandalone target not found
Refreshing native plugins compatible for Editor in 148.69 ms, found 4 plugins.
Preloading 0 native plugins for Editor in 0.00 ms.
Mono: successfully reloaded assembly
- Completed reload, in  3.319 seconds
Domain Reload Profiling:
	ReloadAssembly (3320ms)
		BeginReloadAssembly (115ms)
			ExecutionOrderSort (0ms)
			DisableScriptedObjects (0ms)
			BackupInstance (0ms)
			ReleaseScriptingObjects (0ms)
			CreateAndSetChildDomain (1ms)
		EndReloadAssembly (747ms)
			LoadAssemblies (110ms)
			RebuildTransferFunctionScriptingTraits (0ms)
			SetupTypeCache (250ms)
			ReleaseScriptCaches (0ms)
			RebuildScriptCaches (36ms)
			SetupLoadedEditorAssemblies (370ms)
				LogAssemblyErrors (0ms)
				InitializePlatformSupportModulesInManaged (8ms)
				SetLoadedEditorAssemblies (0ms)
				RefreshPlugins (149ms)
				BeforeProcessingInitializeOnLoad (2ms)
				ProcessInitializeOnLoadAttributes (158ms)
				ProcessInitializeOnLoadMethodAttributes (53ms)
				AfterProcessingInitializeOnLoad (0ms)
				EditorAssembliesLoaded (0ms)
			ExecutionOrderSort2 (0ms)
			AwakeInstancesAfterBackupRestoration (0ms)
Platform modules already initialized, skipping
Registering precompiled user dll's ...
Registered in 0.014065 seconds.
Begin MonoManager ReloadAssembly
Symbol file LoadedFromMemory doesn't match image C:\Users\Abdul\Documents\1 GBC\Yr 3 Sem 1\Mobile Game Dev\Lab3\Library\PackageCache\com.unity.visualscripting@1.6.1\Editor\VisualScripting.Core\Dependencies\YamlDotNet\Unity.VisualScripting.YamlDotNet.dll
Symbol file LoadedFromMemory doesn't match image C:\Users\Abdul\Documents\1 GBC\Yr 3 Sem 1\Mobile Game Dev\Lab3\Library\PackageCache\com.unity.visualscripting@1.6.1\Editor\VisualScripting.Core\Dependencies\DotNetZip\Unity.VisualScripting.IonicZip.dll
Native extension for WindowsStandalone target not found
Refreshing native plugins compatible for Editor in 159.97 ms, found 4 plugins.
Preloading 0 native plugins for Editor in 0.00 ms.
Mono: successfully reloaded assembly
- Completed reload, in  2.127 seconds
Domain Reload Profiling:
	ReloadAssembly (2128ms)
		BeginReloadAssembly (260ms)
			ExecutionOrderSort (0ms)
			DisableScriptedObjects (7ms)
			BackupInstance (0ms)
			ReleaseScriptingObjects (0ms)
			CreateAndSetChildDomain (33ms)
		EndReloadAssembly (1777ms)
			LoadAssemblies (184ms)
			RebuildTransferFunctionScriptingTraits (0ms)
			SetupTypeCache (557ms)
			ReleaseScriptCaches (1ms)
			RebuildScriptCaches (77ms)
			SetupLoadedEditorAssemblies (784ms)
				LogAssemblyErrors (0ms)
				InitializePlatformSupportModulesInManaged (12ms)
				SetLoadedEditorAssemblies (0ms)
				RefreshPlugins (160ms)
				BeforeProcessingInitializeOnLoad (170ms)
				ProcessInitializeOnLoadAttributes (389ms)
				ProcessInitializeOnLoadMethodAttributes (33ms)
				AfterProcessingInitializeOnLoad (20ms)
				EditorAssembliesLoaded (0ms)
			ExecutionOrderSort2 (0ms)
			AwakeInstancesAfterBackupRestoration (12ms)
Platform modules already initialized, skipping
========================================================================
Worker process is ready to serve import requests
Launched and connected shader compiler UnityShaderCompiler.exe after 0.10 seconds
Refreshing native plugins compatible for Editor in 1.13 ms, found 4 plugins.
Preloading 0 native plugins for Editor in 0.00 ms.
Unloading 3764 Unused Serialized files (Serialized files now loaded: 0)
System memory in use before: 138.6 MB.
System memory in use after: 138.8 MB.

Unloading 43 unused Assets to reduce memory usage. Loaded Objects now: 4202.
Total: 5.512700 ms (FindLiveObjects: 0.528300 ms CreateObjectMapping: 0.221300 ms MarkObjects: 4.651500 ms  DeleteObjects: 0.109800 ms)

AssetImportParameters requested are different than current active one (requested -> active):
  custom:framework-win-MediaFoundation: 216162199b28c13a410421893ffa2e32 -> 
  custom:video-decoder-ogg-theora: a1e56fd34408186e4bbccfd4996cb3dc -> 
  custom:container-muxer-webm: aa71ff27fc2769a1b78a27578f13a17b -> 
  custom:container-demuxer-webm: 4f35f7cbe854078d1ac9338744f61a02 -> 
  custom:container-demuxer-ogg: 62fdf1f143b41e24485cea50d1cbac27 -> 
  custom:video-encoder-webm-vp8: eb34c28f22e8b96e1ab97ce403110664 -> 
  custom:video-decoder-webm-vp8: 9c59270c3fd7afecdb556c50c9e8de78 -> 
  custom:audio-decoder-ogg-vorbis: bf7c407c2cedff20999df2af8eb42d56 -> 
  custom:audio-encoder-webm-vorbis: bf7c407c2cedff20999df2af8eb42d56 -> 
========================================================================
Received Import Request.
  path: Assets/Sprites/Powerup.png
  artifactKey: Guid(9fbe3b841ad383f4dab4c48b5ed4335a) Importer(815301076,1909f56bfc062723c751e8b465ee728b)
Start importing Assets/Sprites/Powerup.png using Guid(9fbe3b841ad383f4dab4c48b5ed4335a) Importer(815301076,1909f56bfc062723c751e8b465ee728b)  -> (artifact id: 'fc752e1f9c06c3a037ffb7444805f6cb') in 0.254334 seconds 
========================================================================
Received Import Request.
  Time since last request: 0.007293 seconds.
  path: Assets/[Scripts]/BulletBehaviour.cs
  artifactKey: Guid(fdd78672727988f428fa92584912ef33) Importer(815301076,1909f56bfc062723c751e8b465ee728b)
Start importing Assets/[Scripts]/BulletBehaviour.cs using Guid(fdd78672727988f428fa92584912ef33) Importer(815301076,1909f56bfc062723c751e8b465ee728b)  -> (artifact id: '94fe7a93bfd75187bb6e3d48b4a17c1d') in 0.014884 seconds 
========================================================================
Received Import Request.
  Time since last request: 0.005204 seconds.
  path: Assets/[Scenes]/Main.unity
  artifactKey: Guid(c025fcca5106cbd489f8f6366a246d36) Importer(815301076,1909f56bfc062723c751e8b465ee728b)
Start importing Assets/[Scenes]/Main.unity using Guid(c025fcca5106cbd489f8f6366a246d36) Importer(815301076,1909f56bfc062723c751e8b465ee728b)  -> (artifact id: 'b84701e1472ae929057576c8c4d8f68a') in 0.006459 seconds 
========================================================================
Received Import Request.
  Time since last request: 0.004000 seconds.
  path: Assets/Prefabs
  artifactKey: Guid(9de298b1d6ed3dc4abf1731f55db8dbc) Importer(815301076,1909f56bfc062723c751e8b465ee728b)
Start importing Assets/Prefabs using Guid(9de298b1d6ed3dc4abf1731f55db8dbc) Importer(815301076,1909f56bfc062723c751e8b465ee728b)  -> (artifact id: 'd41a48302801fef09101732c4b92f9a7') in 0.005906 seconds 
========================================================================
Received Import Request.
  Time since last request: 0.006874 seconds.
  path: Assets/Sprites/space-ring-planet.png
  artifactKey: Guid(d2f26e9f19184194dae9f7f6b90827aa) Importer(815301076,1909f56bfc062723c751e8b465ee728b)
Start importing Assets/Sprites/space-ring-planet.png using Guid(d2f26e9f19184194dae9f7f6b90827aa) Importer(815301076,1909f56bfc062723c751e8b465ee728b)  -> (artifact id: '75d393c9a4ccb2b4f3ac9179a51a6167') in 0.029068 seconds 
========================================================================
Received Import Request.
  Time since last request: 0.006898 seconds.
  path: Assets/Sprites/EnemySmallBullet.png
  artifactKey: Guid(4a711db0fc762b245868536b2d00d1e8) Importer(815301076,1909f56bfc062723c751e8b465ee728b)
Start importing Assets/Sprites/EnemySmallBullet.png using Guid(4a711db0fc762b245868536b2d00d1e8) Importer(815301076,1909f56bfc062723c751e8b465ee728b)  -> (artifact id: '1dcd1ff6936f460574106ca55841a2ec') in 0.017777 seconds 
========================================================================
Received Import Request.
  Time since last request: 0.007481 seconds.
  path: Assets/[Scenes]/Start.unity
  artifactKey: Guid(71d6378d5bbfd1a45859551296068ea0) Importer(815301076,1909f56bfc062723c751e8b465ee728b)
Start importing Assets/[Scenes]/Start.unity using Guid(71d6378d5bbfd1a45859551296068ea0) Importer(815301076,1909f56bfc062723c751e8b465ee728b)  -> (artifact id: 'd8f7210b1dc1236157c3ca77c490c78d') in 0.006537 seconds 
========================================================================
Received Import Request.
  Time since last request: 0.003888 seconds.
  path: Assets/Editor/com.unity.mobile.notifications
  artifactKey: Guid(8d94ea3741ad8d344a76cca0aa62f67e) Importer(815301076,1909f56bfc062723c751e8b465ee728b)
Start importing Assets/Editor/com.unity.mobile.notifications using Guid(8d94ea3741ad8d344a76cca0aa62f67e) Importer(815301076,1909f56bfc062723c751e8b465ee728b)  -> (artifact id: 'a0e18b1a6f2e9099027a3ac756c6f70d') in 0.005953 seconds 
========================================================================
Received Import Request.
  Time since last request: 0.003707 seconds.
  path: Assets/Editor
  artifactKey: Guid(d98ad1674ee8d5040ad22d07feddcab5) Importer(815301076,1909f56bfc062723c751e8b465ee728b)
Start importing Assets/Editor using Guid(d98ad1674ee8d5040ad22d07feddcab5) Importer(815301076,1909f56bfc062723c751e8b465ee728b)  -> (artifact id: 'c98a7d548918ff83c07a5ca063645fba') in 0.006157 seconds 
========================================================================
Received Import Request.
  Time since last request: 0.005019 seconds.
  path: Assets/Editor/com.unity.mobile.notifications/NotificationSettings.asset
  artifactKey: Guid(4cee8bca36f2ab74b8feb832747fa6f4) Importer(815301076,1909f56bfc062723c751e8b465ee728b)
Start importing Assets/Editor/com.unity.mobile.notifications/NotificationSettings.asset using Guid(4cee8bca36f2ab74b8feb832747fa6f4) Importer(815301076,1909f56bfc062723c751e8b465ee728b)  -> (artifact id: '44be4eeeee9ba2ddee89a18b87a805ef') in 0.010417 seconds 
========================================================================
Received Import Request.
  Time since last request: 0.015851 seconds.
  path: Assets/Prefabs/Enemy.prefab
  artifactKey: Guid(dd57b1c08d388524a8f1c53803474cbf) Importer(815301076,1909f56bfc062723c751e8b465ee728b)
Start importing Assets/Prefabs/Enemy.prefab using Guid(dd57b1c08d388524a8f1c53803474cbf) Importer(815301076,1909f56bfc062723c751e8b465ee728b)  -> (artifact id: '3744413152def15119b268122dc5b384') in 0.044510 seconds 
========================================================================
Received Import Request.
  Time since last request: 0.010471 seconds.
  path: Assets/[Scenes]/End.unity
  artifactKey: Guid(7c474968feacf7a43a0cf19eac41c7c4) Importer(815301076,1909f56bfc062723c751e8b465ee728b)
Start importing Assets/[Scenes]/End.unity using Guid(7c474968feacf7a43a0cf19eac41c7c4) Importer(815301076,1909f56bfc062723c751e8b465ee728b)  -> (artifact id: 'b9fa8e42ab9bd9ef831388d26f896a89') in 0.004648 seconds 
========================================================================
Received Import Request.
  Time since last request: 0.006986 seconds.
  path: Assets/[Scripts]/PlayerBehaviour.cs
  artifactKey: Guid(9fde2cd278c737f41ad3e208e6c60931) Importer(815301076,1909f56bfc062723c751e8b465ee728b)
Start importing Assets/[Scripts]/PlayerBehaviour.cs using Guid(9fde2cd278c737f41ad3e208e6c60931) Importer(815301076,1909f56bfc062723c751e8b465ee728b)  -> (artifact id: '72a632cecd2c0999130c123a4e2e63aa') in 0.005905 seconds 
========================================================================
Received Import Request.
  Time since last request: 0.006034 seconds.
  path: Assets/Sprites/PixelEnemyDrone.png
  artifactKey: Guid(1bd5e2e33cb065f419dafadbe66cdcf4) Importer(815301076,1909f56bfc062723c751e8b465ee728b)
Start importing Assets/Sprites/PixelEnemyDrone.png using Guid(1bd5e2e33cb065f419dafadbe66cdcf4) Importer(815301076,1909f56bfc062723c751e8b465ee728b)  -> (artifact id: '3a4b3804de5f4160c04cef29e488b130') in 0.027533 seconds 
========================================================================
Received Import Request.
  Time since last request: 0.010215 seconds.
  path: Assets/Sprites/space-big-planet.png
  artifactKey: Guid(fbbbf6bba468c9640996c02c4726a125) Importer(815301076,1909f56bfc062723c751e8b465ee728b)
Start importing Assets/Sprites/space-big-planet.png using Guid(fbbbf6bba468c9640996c02c4726a125) Importer(815301076,1909f56bfc062723c751e8b465ee728b)  -> (artifact id: '889d46b5cb6012304671083961337151') in 0.022625 seconds 
========================================================================
Received Import Request.
  Time since last request: 0.005888 seconds.
  path: Assets/Scenes
  artifactKey: Guid(bbbc74fad6ed1d243aee6102298f428b) Importer(815301076,1909f56bfc062723c751e8b465ee728b)
Start importing Assets/Scenes using Guid(bbbc74fad6ed1d243aee6102298f428b) Importer(815301076,1909f56bfc062723c751e8b465ee728b)  -> (artifact id: 'e2f5d9c482259fc97b3f344a61ab00ed') in 0.006238 seconds 
========================================================================
Received Import Request.
  Time since last request: 0.009512 seconds.
  path: Assets/Prefabs/BackButton.prefab
  artifactKey: Guid(4b24ab5067847674bb98725add89f79d) Importer(815301076,1909f56bfc062723c751e8b465ee728b)
Start importing Assets/Prefabs/BackButton.prefab using Guid(4b24ab5067847674bb98725add89f79d) Importer(815301076,1909f56bfc062723c751e8b465ee728b)  -> (artifact id: '16bfd7f33841e40cb4fba2ca6d5efdf7') in 0.033198 seconds 
========================================================================
Received Import Request.
  Time since last request: 0.021106 seconds.
  path: Assets/Sprites/space-far-planets.png
  artifactKey: Guid(9495ee16d6cca1141b50bdf7f8ef865a) Importer(815301076,1909f56bfc062723c751e8b465ee728b)
Start importing Assets/Sprites/space-far-planets.png using Guid(9495ee16d6cca1141b50bdf7f8ef865a) Importer(815301076,1909f56bfc062723c751e8b465ee728b)  -> (artifact id: 'cb3dbd62de2d49eaa1db4ef7e0ed2c60') in 0.015982 seconds 
========================================================================
Received Import Request.
  Time since last request: 0.009602 seconds.
  path: Assets/Sprites/space-stars.png
  artifactKey: Guid(fcfc5ffb382641c4698a8fbae6d19d09) Importer(815301076,1909f56bfc062723c751e8b465ee728b)
Start importing Assets/Sprites/space-stars.png using Guid(fcfc5ffb382641c4698a8fbae6d19d09) Importer(815301076,1909f56bfc062723c751e8b465ee728b)  -> (artifact id: '86470ad2d0dad197ff730fca0affdb24') in 0.035374 seconds 
========================================================================
Received Import Request.
  Time since last request: 0.006787 seconds.
  path: Assets/[Scripts]/BulletManager.cs
  artifactKey: Guid(c27b553dd2caddb40a4fa625dd272786) Importer(815301076,1909f56bfc062723c751e8b465ee728b)
Start importing Assets/[Scripts]/BulletManager.cs using Guid(c27b553dd2caddb40a4fa625dd272786) Importer(815301076,1909f56bfc062723c751e8b465ee728b)  -> (artifact id: 'c8f7105ba21756760b8042c7f91c32f5') in 0.004343 seconds 
========================================================================
Received Import Request.
  Time since last request: 0.006398 seconds.
  path: Assets/[Scenes]
  artifactKey: Guid(97e23d65e77acda4a869877321d10f24) Importer(815301076,1909f56bfc062723c751e8b465ee728b)
Start importing Assets/[Scenes] using Guid(97e23d65e77acda4a869877321d10f24) Importer(815301076,1909f56bfc062723c751e8b465ee728b)  -> (artifact id: '4e0e56efec1d2439c43cae6b1039d701') in 0.004965 seconds 
========================================================================
Received Import Request.
  Time since last request: 0.020900 seconds.
  path: Assets/Prefabs/NextButton.prefab
  artifactKey: Guid(919bad6978a17684a9596cac3d97558b) Importer(815301076,1909f56bfc062723c751e8b465ee728b)
Start importing Assets/Prefabs/NextButton.prefab using Guid(919bad6978a17684a9596cac3d97558b) Importer(815301076,1909f56bfc062723c751e8b465ee728b)  -> (artifact id: 'bd9465a055e4c8bbf8cf52468961773f') in 0.009618 seconds 
========================================================================
Received Import Request.
  Time since last request: 0.013349 seconds.
  path: Assets/Scenes/SampleScene.unity
  artifactKey: Guid(2cda990e2423bbf4892e6590ba056729) Importer(815301076,1909f56bfc062723c751e8b465ee728b)
Start importing Assets/Scenes/SampleScene.unity using Guid(2cda990e2423bbf4892e6590ba056729) Importer(815301076,1909f56bfc062723c751e8b465ee728b)  -> (artifact id: '959bcd953351e9c5a7810ccb1b3618ea') in 0.007627 seconds 
========================================================================
Received Import Request.
  Time since last request: 0.007536 seconds.
  path: Assets/[Scripts]/EnemyBehaviour.cs
  artifactKey: Guid(a955272b09cce47468db68e455172809) Importer(815301076,1909f56bfc062723c751e8b465ee728b)
Start importing Assets/[Scripts]/EnemyBehaviour.cs using Guid(a955272b09cce47468db68e455172809) Importer(815301076,1909f56bfc062723c751e8b465ee728b)  -> (artifact id: 'c947116f129cda9266974c3b05b35b66') in 0.007655 seconds 
========================================================================
Received Import Request.
  Time since last request: 0.012802 seconds.
  path: Assets/Prefabs/Player.prefab
  artifactKey: Guid(1a9fea268805b434c9aedd0393675ced) Importer(815301076,1909f56bfc062723c751e8b465ee728b)
Start importing Assets/Prefabs/Player.prefab using Guid(1a9fea268805b434c9aedd0393675ced) Importer(815301076,1909f56bfc062723c751e8b465ee728b)  -> (artifact id: 'cf379dbdbc1985fd9dac918198a06e49') in 0.019285 seconds 
AssetImportWorkerClient::OnTransportError - code=2 error=End of file
